This is pdfTeX, Version 3.1415926-2.4-1.40.13 (TeX Live 2012/Debian) (format=pdflatex 2013.7.27)  12 JUN 2014 23:13
entering extended mode
 restricted \write18 enabled.
 %&-line parsing enabled.
**TeseWosley2014.tex
(./TeseWosley2014.tex
LaTeX2e <2011/06/27>
Babel <v3.8m> and hyphenation patterns for english, dumylang, nohyphenation, et
hiopic, farsi, arabic, pinyin, croatian, bulgarian, ukrainian, russian, slovak,
 czech, danish, dutch, usenglishmax, ukenglish, finnish, french, basque, ngerma
n, german, swissgerman, ngerman-x-2012-05-30, german-x-2012-05-30, monogreek, g
reek, ibycus, ancientgreek, hungarian, bengali, tamil, hindi, telugu, gujarati,
 sanskrit, malayalam, kannada, assamese, marathi, oriya, panjabi, italian, lati
n, latvian, lithuanian, mongolian, mongolianlmc, nynorsk, bokmal, indonesian, e
speranto, coptic, welsh, irish, interlingua, serbian, serbianc, slovenian, friu
lan, romansh, estonian, romanian, armenian, uppersorbian, turkish, afrikaans, i
celandic, kurmanji, polish, portuguese, galician, catalan, spanish, swedish, th
ai, loaded.
(./unb-cic.cls
Document Class: unb-cic 2008/06/05 v0.93 Classe para trabalhos CIC UnB
(/usr/share/texmf/tex/latex/xkeyval/run/xkeyval.sty
Package: xkeyval 2012/10/14 v2.6b package option processing (HA)

(/usr/share/texmf/tex/latex/xkeyval/run/xkeyval.tex
\XKV@toks=\toks14
\XKV@tempa@toks=\toks15
\XKV@depth=\count79
File: xkeyval.tex 2012/10/14 v2.6b key=value parser (HA)

(/usr/share/texmf/tex/latex/xkeyval/run/keyval.tex)))
(/usr/share/texlive/texmf-dist/tex/latex/base/report.cls
Document Class: report 2007/10/19 v1.4h Standard LaTeX document class
(/usr/share/texlive/texmf-dist/tex/latex/base/size12.clo
File: size12.clo 2007/10/19 v1.4h Standard LaTeX file (size option)
)
\c@part=\count80
\c@chapter=\count81
\c@section=\count82
\c@subsection=\count83
\c@subsubsection=\count84
\c@paragraph=\count85
\c@subparagraph=\count86
\c@figure=\count87
\c@table=\count88
\abovecaptionskip=\skip41
\belowcaptionskip=\skip42
\bibindent=\dimen102
)
(/usr/share/texlive/texmf-dist/tex/latex/base/fixltx2e.sty
Package: fixltx2e 2006/09/13 v1.1m fixes to LaTeX
LaTeX Info: Redefining \em on input line 420.
)
(/usr/share/texlive/texmf-dist/tex/latex/relsize/relsize.sty
Package: relsize 2011/09/21 ver 4.0

Examine \normalsize starts \@setfontsize size may be \@xiipt. 
Examine \small starts \@setfontsize size may be \@xipt. 
Examine \footnotesize starts \@setfontsize size may be \@xpt. 
Examine \large starts \@setfontsize size may be \@xivpt. 
Examine \Large starts \@setfontsize size may be \@xviipt. 
Examine \LARGE starts \@setfontsize size may be \@xxpt. 
Examine \scriptsize starts \@setfontsize size may be \@viiipt. 
Examine \tiny starts \@setfontsize size may be \@vipt. 
Examine \huge starts \@setfontsize size may be \@xxvpt. 
Examine \Huge starts \@setfontsize size may be \@xxvpt. )
(/usr/share/texlive/texmf-dist/tex/latex/hyperref/hyperref.sty
Package: hyperref 2012/05/13 v6.82q Hypertext links for LaTeX

(/usr/share/texlive/texmf-dist/tex/generic/oberdiek/hobsub-hyperref.sty
Package: hobsub-hyperref 2012/05/28 v1.13 Bundle oberdiek, subset hyperref (HO)


(/usr/share/texlive/texmf-dist/tex/generic/oberdiek/hobsub-generic.sty
Package: hobsub-generic 2012/05/28 v1.13 Bundle oberdiek, subset generic (HO)
Package: hobsub 2012/05/28 v1.13 Construct package bundles (HO)
Package: infwarerr 2010/04/08 v1.3 Providing info/warning/error messages (HO)
Package: ltxcmds 2011/11/09 v1.22 LaTeX kernel commands for general use (HO)
Package: ifluatex 2010/03/01 v1.3 Provides the ifluatex switch (HO)
Package ifluatex Info: LuaTeX not detected.
Package: ifvtex 2010/03/01 v1.5 Detect VTeX and its facilities (HO)
Package ifvtex Info: VTeX not detected.
Package: intcalc 2007/09/27 v1.1 Expandable calculations with integers (HO)
Package: ifpdf 2011/01/30 v2.3 Provides the ifpdf switch (HO)
Package ifpdf Info: pdfTeX in PDF mode is detected.
Package: etexcmds 2011/02/16 v1.5 Avoid name clashes with e-TeX commands (HO)
Package etexcmds Info: Could not find \expanded.
(etexcmds)             That can mean that you are not using pdfTeX 1.50 or
(etexcmds)             that some package has redefined \expanded.
(etexcmds)             In the latter case, load this package earlier.
Package: kvsetkeys 2012/04/25 v1.16 Key value parser (HO)
Package: kvdefinekeys 2011/04/07 v1.3 Define keys (HO)
Package: pdftexcmds 2011/11/29 v0.20 Utility functions of pdfTeX for LuaTeX (HO
)
Package pdftexcmds Info: LuaTeX not detected.
Package pdftexcmds Info: \pdf@primitive is available.
Package pdftexcmds Info: \pdf@ifprimitive is available.
Package pdftexcmds Info: \pdfdraftmode found.
Package: pdfescape 2011/11/25 v1.13 Implements pdfTeX's escape features (HO)
Package: bigintcalc 2012/04/08 v1.3 Expandable calculations on big integers (HO
)
Package: bitset 2011/01/30 v1.1 Handle bit-vector datatype (HO)
Package: uniquecounter 2011/01/30 v1.2 Provide unlimited unique counter (HO)
)
Package hobsub Info: Skipping package `hobsub' (already loaded).
Package: letltxmacro 2010/09/02 v1.4 Let assignment for LaTeX macros (HO)
Package: hopatch 2012/05/28 v1.2 Wrapper for package hooks (HO)
Package: xcolor-patch 2011/01/30 xcolor patch
Package: atveryend 2011/06/30 v1.8 Hooks at the very end of document (HO)
Package atveryend Info: \enddocument detected (standard20110627).
Package: atbegshi 2011/10/05 v1.16 At begin shipout hook (HO)
Package: refcount 2011/10/16 v3.4 Data extraction from label references (HO)
Package: hycolor 2011/01/30 v1.7 Color options for hyperref/bookmark (HO)
)
(/usr/share/texlive/texmf-dist/tex/generic/ifxetex/ifxetex.sty
Package: ifxetex 2010/09/12 v0.6 Provides ifxetex conditional
)
(/usr/share/texlive/texmf-dist/tex/latex/oberdiek/kvoptions.sty
Package: kvoptions 2011/06/30 v3.11 Key value format for package options (HO)
)
\@linkdim=\dimen103
\Hy@linkcounter=\count89
\Hy@pagecounter=\count90

(/usr/share/texlive/texmf-dist/tex/latex/hyperref/pd1enc.def
File: pd1enc.def 2012/05/13 v6.82q Hyperref: PDFDocEncoding definition (HO)
)
\Hy@SavedSpaceFactor=\count91

(/usr/share/texlive/texmf-dist/tex/latex/latexconfig/hyperref.cfg
File: hyperref.cfg 2002/06/06 v1.2 hyperref configuration of TeXLive
)
Package hyperref Info: Option `pdfdisplaydoctitle' set `true' on input line 394
1.
Package hyperref Info: Hyper figures OFF on input line 4062.
Package hyperref Info: Link nesting OFF on input line 4067.
Package hyperref Info: Hyper index ON on input line 4070.
Package hyperref Info: Plain pages OFF on input line 4077.
Package hyperref Info: Backreferencing ON on input line 4080.
Package hyperref Info: Implicit mode ON; LaTeX internals redefined.
Package hyperref Info: Bookmarks ON on input line 4300.

(/usr/share/texlive/texmf-dist/tex/latex/hyperref/backref.sty
Package: backref 2010/08/30 v1.36 Bibliographical back referencing

(/usr/share/texlive/texmf-dist/tex/latex/oberdiek/rerunfilecheck.sty
Package: rerunfilecheck 2011/04/15 v1.7 Rerun checks for auxiliary files (HO)
Package uniquecounter Info: New unique counter `rerunfilecheck' on input line 2
82.
))
\c@Hy@tempcnt=\count92

(/usr/share/texlive/texmf-dist/tex/latex/url/url.sty
\Urlmuskip=\muskip10
Package: url 2006/04/12  ver 3.3  Verb mode for urls, etc.
)
LaTeX Info: Redefining \url on input line 4653.
\Fld@menulength=\count93
\Field@Width=\dimen104
\Fld@charsize=\dimen105
Package hyperref Info: Hyper figures OFF on input line 5773.
Package hyperref Info: Link nesting OFF on input line 5778.
Package hyperref Info: Hyper index ON on input line 5781.
Package hyperref Info: backreferencing ON on input line 5786.
Package hyperref Info: Link coloring OFF on input line 5793.
Package hyperref Info: Link coloring with OCG OFF on input line 5798.
Package hyperref Info: PDF/A mode OFF on input line 5803.
LaTeX Info: Redefining \ref on input line 5843.
LaTeX Info: Redefining \pageref on input line 5847.
\Hy@abspage=\count94
\c@Item=\count95
\c@Hfootnote=\count96
)

Package hyperref Message: Driver: hpdftex.

(/usr/share/texlive/texmf-dist/tex/latex/hyperref/hpdftex.def
File: hpdftex.def 2012/05/13 v6.82q Hyperref driver for pdfTeX
\Fld@listcount=\count97
\c@bookmark@seq@number=\count98
\Hy@SectionHShift=\skip43
)
(/usr/share/texlive/texmf-dist/tex/latex/graphics/graphicx.sty
Package: graphicx 1999/02/16 v1.0f Enhanced LaTeX Graphics (DPC,SPQR)

(/usr/share/texlive/texmf-dist/tex/latex/graphics/graphics.sty
Package: graphics 2009/02/05 v1.0o Standard LaTeX Graphics (DPC,SPQR)

(/usr/share/texlive/texmf-dist/tex/latex/graphics/trig.sty
Package: trig 1999/03/16 v1.09 sin cos tan (DPC)
)
(/usr/share/texlive/texmf-dist/tex/latex/latexconfig/graphics.cfg
File: graphics.cfg 2010/04/23 v1.9 graphics configuration of TeX Live
)
Package graphics Info: Driver file: pdftex.def on input line 91.

(/usr/share/texlive/texmf-dist/tex/latex/pdftex-def/pdftex.def
File: pdftex.def 2011/05/27 v0.06d Graphics/color for pdfTeX
\Gread@gobject=\count99
))
\Gin@req@height=\dimen106
\Gin@req@width=\dimen107
)
(/usr/share/texlive/texmf-dist/tex/latex/boites/boites.sty
File: boites.sty 
Package: boites 
\bk@bxb=\box26
\bk@bxa=\box27
\bk@lcnt=\count100
)
(/usr/share/texlive/texmf-dist/tex/latex/geometry/geometry.sty
Package: geometry 2010/09/12 v5.6 Page Geometry
\Gm@cnth=\count101
\Gm@cntv=\count102
\c@Gm@tempcnt=\count103
\Gm@bindingoffset=\dimen108
\Gm@wd@mp=\dimen109
\Gm@odd@mp=\dimen110
\Gm@even@mp=\dimen111
\Gm@layoutwidth=\dimen112
\Gm@layoutheight=\dimen113
\Gm@layouthoffset=\dimen114
\Gm@layoutvoffset=\dimen115
\Gm@dimlist=\toks16
)
(/usr/share/texlive/texmf-dist/tex/latex/setspace/setspace.sty
Package: setspace 2011/12/19 v6.7a set line spacing
)
\c@TotPaginas=\count104
\c@definition=\count105
)
(/var/lib/texmf/tex/generic/babel/babel.sty
Package: babel 2008/07/08 v3.8m The Babel package

(/usr/share/texlive/texmf-dist/tex/generic/babel/portuges.ldf
Language: portuges 2008/03/18 v1.2q Portuguese support from the babel system

(/usr/share/texlive/texmf-dist/tex/generic/babel/babel.def
File: babel.def 2008/07/08 v3.8m Babel common definitions
\babel@savecnt=\count106
\U@D=\dimen116
)
\l@brazil = a dialect from \language\l@portuges 
Package babel Info: Making " an active character on input line 145.
)
(/usr/share/texlive/texmf-dist/tex/generic/babel/english.ldf
Language: english 2005/03/30 v3.3o English support from the babel system
\l@canadian = a dialect from \language\l@american 
\l@australian = a dialect from \language\l@british 
\l@newzealand = a dialect from \language\l@british 
))
(/usr/share/texlive/texmf-dist/tex/latex/base/fontenc.sty
Package: fontenc 2005/09/27 v1.99g Standard LaTeX package

(/usr/share/texlive/texmf-dist/tex/latex/base/t1enc.def
File: t1enc.def 2005/09/27 v1.99g Standard LaTeX file
LaTeX Font Info:    Redeclaring font encoding T1 on input line 43.
))
(/usr/share/texlive/texmf-dist/tex/latex/tools/indentfirst.sty
Package: indentfirst 1995/11/23 v1.03 Indent first paragraph (DPC)
)
(/usr/share/texlive/texmf-dist/tex/latex/natbib/natbib.sty
Package: natbib 2010/09/13 8.31b (PWD, AO)
\bibhang=\skip44
\bibsep=\skip45
LaTeX Info: Redefining \cite on input line 694.
\c@NAT@ctr=\count107
)
(/usr/share/texmf/tex/latex/xcolor/xcolor.sty
Package: xcolor 2007/01/21 v2.11 LaTeX color extensions (UK)

(/usr/share/texlive/texmf-dist/tex/latex/latexconfig/color.cfg
File: color.cfg 2007/01/18 v1.5 color configuration of teTeX/TeXLive
)
Package xcolor Info: Driver file: pdftex.def on input line 225.
Package xcolor Info: Model `cmy' substituted by `cmy0' on input line 1337.
Package xcolor Info: Model `hsb' substituted by `rgb' on input line 1341.
Package xcolor Info: Model `RGB' extended on input line 1353.
Package xcolor Info: Model `HTML' substituted by `rgb' on input line 1355.
Package xcolor Info: Model `Hsb' substituted by `hsb' on input line 1356.
Package xcolor Info: Model `tHsb' substituted by `hsb' on input line 1357.
Package xcolor Info: Model `HSB' substituted by `hsb' on input line 1358.
Package xcolor Info: Model `Gray' substituted by `gray' on input line 1359.
Package xcolor Info: Model `wave' substituted by `hsb' on input line 1360.
)
(/usr/share/texlive/texmf-dist/tex/latex/base/inputenc.sty
Package: inputenc 2008/03/30 v1.1d Input encoding file
\inpenc@prehook=\toks17
\inpenc@posthook=\toks18

(/usr/share/texlive/texmf-dist/tex/latex/base/utf8.def
File: utf8.def 2008/04/05 v1.1m UTF-8 support for inputenc
Now handling font encoding OML ...
... no UTF-8 mapping file for font encoding OML
Now handling font encoding T1 ...
... processing UTF-8 mapping file for font encoding T1

(/usr/share/texlive/texmf-dist/tex/latex/base/t1enc.dfu
File: t1enc.dfu 2008/04/05 v1.1m UTF-8 support for inputenc
   defining Unicode char U+00A1 (decimal 161)
   defining Unicode char U+00A3 (decimal 163)
   defining Unicode char U+00AB (decimal 171)
   defining Unicode char U+00BB (decimal 187)
   defining Unicode char U+00BF (decimal 191)
   defining Unicode char U+00C0 (decimal 192)
   defining Unicode char U+00C1 (decimal 193)
   defining Unicode char U+00C2 (decimal 194)
   defining Unicode char U+00C3 (decimal 195)
   defining Unicode char U+00C4 (decimal 196)
   defining Unicode char U+00C5 (decimal 197)
   defining Unicode char U+00C6 (decimal 198)
   defining Unicode char U+00C7 (decimal 199)
   defining Unicode char U+00C8 (decimal 200)
   defining Unicode char U+00C9 (decimal 201)
   defining Unicode char U+00CA (decimal 202)
   defining Unicode char U+00CB (decimal 203)
   defining Unicode char U+00CC (decimal 204)
   defining Unicode char U+00CD (decimal 205)
   defining Unicode char U+00CE (decimal 206)
   defining Unicode char U+00CF (decimal 207)
   defining Unicode char U+00D0 (decimal 208)
   defining Unicode char U+00D1 (decimal 209)
   defining Unicode char U+00D2 (decimal 210)
   defining Unicode char U+00D3 (decimal 211)
   defining Unicode char U+00D4 (decimal 212)
   defining Unicode char U+00D5 (decimal 213)
   defining Unicode char U+00D6 (decimal 214)
   defining Unicode char U+00D8 (decimal 216)
   defining Unicode char U+00D9 (decimal 217)
   defining Unicode char U+00DA (decimal 218)
   defining Unicode char U+00DB (decimal 219)
   defining Unicode char U+00DC (decimal 220)
   defining Unicode char U+00DD (decimal 221)
   defining Unicode char U+00DE (decimal 222)
   defining Unicode char U+00DF (decimal 223)
   defining Unicode char U+00E0 (decimal 224)
   defining Unicode char U+00E1 (decimal 225)
   defining Unicode char U+00E2 (decimal 226)
   defining Unicode char U+00E3 (decimal 227)
   defining Unicode char U+00E4 (decimal 228)
   defining Unicode char U+00E5 (decimal 229)
   defining Unicode char U+00E6 (decimal 230)
   defining Unicode char U+00E7 (decimal 231)
   defining Unicode char U+00E8 (decimal 232)
   defining Unicode char U+00E9 (decimal 233)
   defining Unicode char U+00EA (decimal 234)
   defining Unicode char U+00EB (decimal 235)
   defining Unicode char U+00EC (decimal 236)
   defining Unicode char U+00ED (decimal 237)
   defining Unicode char U+00EE (decimal 238)
   defining Unicode char U+00EF (decimal 239)
   defining Unicode char U+00F0 (decimal 240)
   defining Unicode char U+00F1 (decimal 241)
   defining Unicode char U+00F2 (decimal 242)
   defining Unicode char U+00F3 (decimal 243)
   defining Unicode char U+00F4 (decimal 244)
   defining Unicode char U+00F5 (decimal 245)
   defining Unicode char U+00F6 (decimal 246)
   defining Unicode char U+00F8 (decimal 248)
   defining Unicode char U+00F9 (decimal 249)
   defining Unicode char U+00FA (decimal 250)
   defining Unicode char U+00FB (decimal 251)
   defining Unicode char U+00FC (decimal 252)
   defining Unicode char U+00FD (decimal 253)
   defining Unicode char U+00FE (decimal 254)
   defining Unicode char U+00FF (decimal 255)
   defining Unicode char U+0102 (decimal 258)
   defining Unicode char U+0103 (decimal 259)
   defining Unicode char U+0104 (decimal 260)
   defining Unicode char U+0105 (decimal 261)
   defining Unicode char U+0106 (decimal 262)
   defining Unicode char U+0107 (decimal 263)
   defining Unicode char U+010C (decimal 268)
   defining Unicode char U+010D (decimal 269)
   defining Unicode char U+010E (decimal 270)
   defining Unicode char U+010F (decimal 271)
   defining Unicode char U+0110 (decimal 272)
   defining Unicode char U+0111 (decimal 273)
   defining Unicode char U+0118 (decimal 280)
   defining Unicode char U+0119 (decimal 281)
   defining Unicode char U+011A (decimal 282)
   defining Unicode char U+011B (decimal 283)
   defining Unicode char U+011E (decimal 286)
   defining Unicode char U+011F (decimal 287)
   defining Unicode char U+0130 (decimal 304)
   defining Unicode char U+0131 (decimal 305)
   defining Unicode char U+0132 (decimal 306)
   defining Unicode char U+0133 (decimal 307)
   defining Unicode char U+0139 (decimal 313)
   defining Unicode char U+013A (decimal 314)
   defining Unicode char U+013D (decimal 317)
   defining Unicode char U+013E (decimal 318)
   defining Unicode char U+0141 (decimal 321)
   defining Unicode char U+0142 (decimal 322)
   defining Unicode char U+0143 (decimal 323)
   defining Unicode char U+0144 (decimal 324)
   defining Unicode char U+0147 (decimal 327)
   defining Unicode char U+0148 (decimal 328)
   defining Unicode char U+014A (decimal 330)
   defining Unicode char U+014B (decimal 331)
   defining Unicode char U+0150 (decimal 336)
   defining Unicode char U+0151 (decimal 337)
   defining Unicode char U+0152 (decimal 338)
   defining Unicode char U+0153 (decimal 339)
   defining Unicode char U+0154 (decimal 340)
   defining Unicode char U+0155 (decimal 341)
   defining Unicode char U+0158 (decimal 344)
   defining Unicode char U+0159 (decimal 345)
   defining Unicode char U+015A (decimal 346)
   defining Unicode char U+015B (decimal 347)
   defining Unicode char U+015E (decimal 350)
   defining Unicode char U+015F (decimal 351)
   defining Unicode char U+0160 (decimal 352)
   defining Unicode char U+0161 (decimal 353)
   defining Unicode char U+0162 (decimal 354)
   defining Unicode char U+0163 (decimal 355)
   defining Unicode char U+0164 (decimal 356)
   defining Unicode char U+0165 (decimal 357)
   defining Unicode char U+016E (decimal 366)
   defining Unicode char U+016F (decimal 367)
   defining Unicode char U+0170 (decimal 368)
   defining Unicode char U+0171 (decimal 369)
   defining Unicode char U+0178 (decimal 376)
   defining Unicode char U+0179 (decimal 377)
   defining Unicode char U+017A (decimal 378)
   defining Unicode char U+017B (decimal 379)
   defining Unicode char U+017C (decimal 380)
   defining Unicode char U+017D (decimal 381)
   defining Unicode char U+017E (decimal 382)
   defining Unicode char U+200C (decimal 8204)
   defining Unicode char U+2013 (decimal 8211)
   defining Unicode char U+2014 (decimal 8212)
   defining Unicode char U+2018 (decimal 8216)
   defining Unicode char U+2019 (decimal 8217)
   defining Unicode char U+201A (decimal 8218)
   defining Unicode char U+201C (decimal 8220)
   defining Unicode char U+201D (decimal 8221)
   defining Unicode char U+201E (decimal 8222)
   defining Unicode char U+2030 (decimal 8240)
   defining Unicode char U+2031 (decimal 8241)
   defining Unicode char U+2039 (decimal 8249)
   defining Unicode char U+203A (decimal 8250)
   defining Unicode char U+2423 (decimal 9251)
)
Now handling font encoding OT1 ...
... processing UTF-8 mapping file for font encoding OT1

(/usr/share/texlive/texmf-dist/tex/latex/base/ot1enc.dfu
File: ot1enc.dfu 2008/04/05 v1.1m UTF-8 support for inputenc
   defining Unicode char U+00A1 (decimal 161)
   defining Unicode char U+00A3 (decimal 163)
   defining Unicode char U+00B8 (decimal 184)
   defining Unicode char U+00BF (decimal 191)
   defining Unicode char U+00C5 (decimal 197)
   defining Unicode char U+00C6 (decimal 198)
   defining Unicode char U+00D8 (decimal 216)
   defining Unicode char U+00DF (decimal 223)
   defining Unicode char U+00E6 (decimal 230)
   defining Unicode char U+00EC (decimal 236)
   defining Unicode char U+00ED (decimal 237)
   defining Unicode char U+00EE (decimal 238)
   defining Unicode char U+00EF (decimal 239)
   defining Unicode char U+00F8 (decimal 248)
   defining Unicode char U+0131 (decimal 305)
   defining Unicode char U+0141 (decimal 321)
   defining Unicode char U+0142 (decimal 322)
   defining Unicode char U+0152 (decimal 338)
   defining Unicode char U+0153 (decimal 339)
   defining Unicode char U+2013 (decimal 8211)
   defining Unicode char U+2014 (decimal 8212)
   defining Unicode char U+2018 (decimal 8216)
   defining Unicode char U+2019 (decimal 8217)
   defining Unicode char U+201C (decimal 8220)
   defining Unicode char U+201D (decimal 8221)
)
Now handling font encoding OMS ...
... processing UTF-8 mapping file for font encoding OMS

(/usr/share/texlive/texmf-dist/tex/latex/base/omsenc.dfu
File: omsenc.dfu 2008/04/05 v1.1m UTF-8 support for inputenc
   defining Unicode char U+00A7 (decimal 167)
   defining Unicode char U+00B6 (decimal 182)
   defining Unicode char U+00B7 (decimal 183)
   defining Unicode char U+2020 (decimal 8224)
   defining Unicode char U+2021 (decimal 8225)
   defining Unicode char U+2022 (decimal 8226)
)
Now handling font encoding OMX ...
... no UTF-8 mapping file for font encoding OMX
Now handling font encoding U ...
... no UTF-8 mapping file for font encoding U
Now handling font encoding PD1 ...
... no UTF-8 mapping file for font encoding PD1
   defining Unicode char U+00A9 (decimal 169)
   defining Unicode char U+00AA (decimal 170)
   defining Unicode char U+00AE (decimal 174)
   defining Unicode char U+00BA (decimal 186)
   defining Unicode char U+02C6 (decimal 710)
   defining Unicode char U+02DC (decimal 732)
   defining Unicode char U+200C (decimal 8204)
   defining Unicode char U+2026 (decimal 8230)
   defining Unicode char U+2122 (decimal 8482)
   defining Unicode char U+2423 (decimal 9251)
))
(/usr/share/texlive/texmf-dist/tex/latex/carlisle/scalefnt.sty)
(/usr/share/texlive/texmf-dist/tex/latex/graphics/lscape.sty
Package: lscape 2000/10/22 v3.01 Landscape Pages (DPC)
)
(/usr/share/texlive/texmf-dist/tex/latex/amsfonts/amsfonts.sty
Package: amsfonts 2009/06/22 v3.00 Basic AMSFonts support
\@emptytoks=\toks19
\symAMSa=\mathgroup4
\symAMSb=\mathgroup5
LaTeX Font Info:    Overwriting math alphabet `\mathfrak' in version `bold'
(Font)                  U/euf/m/n --> U/euf/b/n on input line 96.
)
(/usr/share/texlive/texmf-dist/tex/latex/amsmath/amsmath.sty
Package: amsmath 2000/07/18 v2.13 AMS math features
\@mathmargin=\skip46

For additional information on amsmath, use the `?' option.
(/usr/share/texlive/texmf-dist/tex/latex/amsmath/amstext.sty
Package: amstext 2000/06/29 v2.01

(/usr/share/texlive/texmf-dist/tex/latex/amsmath/amsgen.sty
File: amsgen.sty 1999/11/30 v2.0
\@emptytoks=\toks20
\ex@=\dimen117
))
(/usr/share/texlive/texmf-dist/tex/latex/amsmath/amsbsy.sty
Package: amsbsy 1999/11/29 v1.2d
\pmbraise@=\dimen118
)
(/usr/share/texlive/texmf-dist/tex/latex/amsmath/amsopn.sty
Package: amsopn 1999/12/14 v2.01 operator names
)
\inf@bad=\count108
LaTeX Info: Redefining \frac on input line 211.
\uproot@=\count109
\leftroot@=\count110
LaTeX Info: Redefining \overline on input line 307.
\classnum@=\count111
\DOTSCASE@=\count112
LaTeX Info: Redefining \ldots on input line 379.
LaTeX Info: Redefining \dots on input line 382.
LaTeX Info: Redefining \cdots on input line 467.
\Mathstrutbox@=\box28
\strutbox@=\box29
\big@size=\dimen119
LaTeX Font Info:    Redeclaring font encoding OML on input line 567.
LaTeX Font Info:    Redeclaring font encoding OMS on input line 568.
\macc@depth=\count113
\c@MaxMatrixCols=\count114
\dotsspace@=\muskip11
\c@parentequation=\count115
\dspbrk@lvl=\count116
\tag@help=\toks21
\row@=\count117
\column@=\count118
\maxfields@=\count119
\andhelp@=\toks22
\eqnshift@=\dimen120
\alignsep@=\dimen121
\tagshift@=\dimen122
\tagwidth@=\dimen123
\totwidth@=\dimen124
\lineht@=\dimen125
\@envbody=\toks23
\multlinegap=\skip47
\multlinetaggap=\skip48
\mathdisplay@stack=\toks24
LaTeX Info: Redefining \[ on input line 2666.
LaTeX Info: Redefining \] on input line 2667.
)
(/usr/share/texlive/texmf-dist/tex/latex/amsfonts/amssymb.sty
Package: amssymb 2009/06/22 v3.00
)
(/usr/share/texlive/texmf-dist/tex/latex/amscls/amsthm.sty
Package: amsthm 2009/07/02 v2.20.1
\thm@style=\toks25
\thm@bodyfont=\toks26
\thm@headfont=\toks27
\thm@notefont=\toks28
\thm@headpunct=\toks29
\thm@preskip=\skip49
\thm@postskip=\skip50
\thm@headsep=\skip51
\dth@everypar=\toks30
) (./cores.tex)
Package hyperref Info: Option `colorlinks' set `true' on input line 63.

(./TeseWosley2014.aux

LaTeX Warning: Label `' multiply defined.


LaTeX Warning: Label `fig:FerrRNAs' multiply defined.


LaTeX Warning: Label `' multiply defined.


LaTeX Warning: Label `sec:TelaConfig' multiply defined.


LaTeX Warning: Label `sec:TelaRespostaInfernal' multiply defined.


LaTeX Warning: Label `sec:TelaFinalExec' multiply defined.


LaTeX Warning: Label `sec:Resulobtidos' multiply defined.


LaTeX Warning: Label `fig:ResulProjPb' multiply defined.


LaTeX Warning: Label `fig:ResulProjGuarana' multiply defined.

)
\openout1 = `TeseWosley2014.aux'.

LaTeX Font Info:    Checking defaults for OML/cmm/m/it on input line 95.
LaTeX Font Info:    ... okay on input line 95.
LaTeX Font Info:    Checking defaults for T1/cmr/m/n on input line 95.
LaTeX Font Info:    ... okay on input line 95.
LaTeX Font Info:    Checking defaults for OT1/cmr/m/n on input line 95.
LaTeX Font Info:    ... okay on input line 95.
LaTeX Font Info:    Checking defaults for OMS/cmsy/m/n on input line 95.
LaTeX Font Info:    ... okay on input line 95.
LaTeX Font Info:    Checking defaults for OMX/cmex/m/n on input line 95.
LaTeX Font Info:    ... okay on input line 95.
LaTeX Font Info:    Checking defaults for U/cmr/m/n on input line 95.
LaTeX Font Info:    ... okay on input line 95.
LaTeX Font Info:    Checking defaults for PD1/pdf/m/n on input line 95.
LaTeX Font Info:    ... okay on input line 95.
\AtBeginShipoutBox=\box30
Package backref Info: ** backref set up for natbib ** on input line 95.
Package hyperref Info: Link coloring ON on input line 95.
 (/usr/share/texlive/texmf-dist/tex/latex/hyperref/nameref.sty
Package: nameref 2010/04/30 v2.40 Cross-referencing by name of section

(/usr/share/texlive/texmf-dist/tex/generic/oberdiek/gettitlestring.sty
Package: gettitlestring 2010/12/03 v1.4 Cleanup title references (HO)
)
\c@section@level=\count120
)
LaTeX Info: Redefining \ref on input line 95.
LaTeX Info: Redefining \pageref on input line 95.
LaTeX Info: Redefining \nameref on input line 95.

(./TeseWosley2014.out) (./TeseWosley2014.out)
\@outlinefile=\write3
\openout3 = `TeseWosley2014.out'.


(/usr/share/texlive/texmf-dist/tex/context/base/supp-pdf.mkii
[Loading MPS to PDF converter (version 2006.09.02).]
\scratchcounter=\count121
\scratchdimen=\dimen126
\scratchbox=\box31
\nofMPsegments=\count122
\nofMParguments=\count123
\everyMPshowfont=\toks31
\MPscratchCnt=\count124
\MPscratchDim=\dimen127
\MPnumerator=\count125
\makeMPintoPDFobject=\count126
\everyMPtoPDFconversion=\toks32
) (/usr/share/texlive/texmf-dist/tex/latex/oberdiek/epstopdf-base.sty
Package: epstopdf-base 2010/02/09 v2.5 Base part for package epstopdf

(/usr/share/texlive/texmf-dist/tex/latex/oberdiek/grfext.sty
Package: grfext 2010/08/19 v1.1 Manage graphics extensions (HO)
)
Package grfext Info: Graphics extension search list:
(grfext)             [.png,.pdf,.jpg,.mps,.jpeg,.jbig2,.jb2,.PNG,.PDF,.JPG,.JPE
G,.JBIG2,.JB2,.eps]
(grfext)             \AppendGraphicsExtensions on input line 452.

(/usr/share/texlive/texmf-dist/tex/latex/latexconfig/epstopdf-sys.cfg
File: epstopdf-sys.cfg 2010/07/13 v1.3 Configuration of (r)epstopdf for TeX Liv
e
))
*geometry* driver: auto-detecting
*geometry* detected driver: pdftex
*geometry* verbose mode - [ preamble ] result:
* driver: pdftex
* paper: a4paper
* layout: <same size as paper>
* layoutoffset:(h,v)=(0.0pt,0.0pt)
* modes: includefoot 
* h-part:(L,W,R)=(71.13188pt, 455.24411pt, 71.13188pt)
* v-part:(T,H,B)=(85.35826pt, 702.78308pt, 56.9055pt)
* \paperwidth=597.50787pt
* \paperheight=845.04684pt
* \textwidth=455.24411pt
* \textheight=672.78308pt
* \oddsidemargin=-1.1381pt
* \evensidemargin=-1.1381pt
* \topmargin=-26.91173pt
* \headheight=15.0pt
* \headsep=25.0pt
* \topskip=12.0pt
* \footskip=30.0pt
* \marginparwidth=44.0pt
* \marginparsep=10.0pt
* \columnsep=10.0pt
* \skip\footins=10.8pt plus 4.0pt minus 2.0pt
* \hoffset=0.0pt
* \voffset=0.0pt
* \mag=1000
* \@twocolumnfalse
* \@twosidefalse
* \@mparswitchfalse
* \@reversemarginfalse
* (1in=72.27pt=25.4mm, 1cm=28.453pt)

(/usr/share/texlive/texmf-dist/tex/latex/hypernat/hypernat.sty
Package: hypernat 2001/07/09 v1.0b hyperref and natbib compatibility (jb)
)
(/usr/share/texlive/texmf-dist/tex/latex/oberdiek/hypcap.sty
Package: hypcap 2011/02/16 v1.11 Adjusting the anchors of captions (HO)
)
\len@brasiliaw=\skip52
\len@uadesch=\skip53
\len@uacaph=\skip54
LaTeX Font Info:    Try loading font information for T1+ua1 on input line 96.
LaTeX Font Info:    No file T1ua1.fd. on input line 96.


LaTeX Font Warning: Font shape `T1/ua1/bx/n' undefined
(Font)              using `T1/cmr/m/n' instead on input line 96.


LaTeX Font Warning: Font shape `T1/cmr/m/n' in size <20> not available
(Font)              size <20.74> substituted on input line 96.


LaTeX Font Warning: Font shape `T1/ua1/bx/n' in size <20> not available
(Font)              size <20.74> substituted on input line 96.

<positivo_cor.pdf, id=132, 119.44624pt x 60.225pt>
File: positivo_cor.pdf Graphic file (type pdf)
 <use positivo_cor.pdf>
Package pdftex.def Info: positivo_cor.pdf used on input line 96.
(pdftex.def)             Requested size: 61.76747pt x 31.14256pt.
\len@lskipoffset=\skip55
\len@lskipoffset=\skip56
LaTeX Font Info:    Try loading font information for U+msa on input line 96.

(/usr/share/texlive/texmf-dist/tex/latex/amsfonts/umsa.fd
File: umsa.fd 2009/06/22 v3.00 AMS symbols A
)
LaTeX Font Info:    Try loading font information for U+msb on input line 96.

(/usr/share/texlive/texmf-dist/tex/latex/amsfonts/umsb.fd
File: umsb.fd 2009/06/22 v3.00 AMS symbols B
) [1



{/var/lib/texmf/fonts/map/pdftex/updmap/pdftex.map} <./positivo_cor.pdf>]
\@tempa=\count127
 [2

]
\len@brasiliaw=\skip57
\len@uadesch=\skip58
\len@uacaph=\skip59
File: positivo_cor.pdf Graphic file (type pdf)

<use positivo_cor.pdf>
Package pdftex.def Info: positivo_cor.pdf used on input line 96.
(pdftex.def)             Requested size: 61.76747pt x 31.14256pt.
\len@lskipoffset=\skip60
\len@lskipoffset=\skip61
 [3

]pdfTeX warning (ext4): destination with the same identifier (name{page.i}) has
 been already used, duplicate ignored
<to be read again> 
                   \relax 
l.111   \begin{agradecimentos}
                               [1



]pdfTeX warning (ext4): destination with the same identifier (name{page.ii}) ha
s been already used, duplicate ignored
<to be read again> 
                   \relax 
l.220   \begin{resumo}
                       [2


]pdfTeX warning (ext4): destination with the same identifier (name{page.iii}) h
as been already used, duplicate ignored
<to be read again> 
                   \relax 
l.228   \begin{abstract}
                         [3


] [4


] (./TeseWosley2014.toc)
\tf@toc=\write4
\openout4 = `TeseWosley2014.toc'.

 [5

]
(./TeseWosley2014.lof [6

])
\tf@lof=\write5
\openout5 = `TeseWosley2014.lof'.

 [7] (./TeseWosley2014.lot)
\tf@lot=\write6
\openout6 = `TeseWosley2014.lot'.

 [8

]
(./capitulos/capitulo1-introducao.tex
Cap\'{\i }tulo 1.
[1


]
Overfull \hbox (34.42923pt too wide) in paragraph at lines 16--17
[]\T1/cmr/m/n/12 Por ou-tro lado, Sis-te-mas Mul-ti-a-gen-tes (SMAs), den-tro d
e In-te-li-gên-cia Ar-ti-fi-cial, caracterizam-
 []


Package hyperref Warning: Difference (2) between bookmark levels is greater 
(hyperref)                than one, level fixed on input line 21.

LaTeX Font Info:    Try loading font information for OMS+cmr on input line 45.
(/usr/share/texlive/texmf-dist/tex/latex/base/omscmr.fd
File: omscmr.fd 1999/05/25 v2.5h Standard LaTeX font definitions
)
LaTeX Font Info:    Font shape `OMS/cmr/m/n' in size <12> not available
(Font)              Font shape `OMS/cmsy/m/n' tried instead on input line 45.
 [2])
(./capitulos/capitulo2-Bio_Molecular.tex [3]
Cap\'{\i }tulo 2.

Package hyperref Warning: Difference (2) between bookmark levels is greater 
(hyperref)                than one, level fixed on input line 7.

<imagens//AcidosNucleicos.jpg, id=382, 388.45125pt x 180.675pt>
File: imagens//AcidosNucleicos.jpg Graphic file (type jpg)

<use imagens//AcidosNucleicos.jpg>
Package pdftex.def Info: imagens//AcidosNucleicos.jpg used on input line 13.
(pdftex.def)             Requested size: 388.45029pt x 180.67455pt.
 [4

 <./imagens//AcidosNucleicos.jpg>]
<imagens//2007eu-nucleotideoDNA1.png, id=393, 760.2804pt x 481.3182pt>
File: imagens//2007eu-nucleotideoDNA1.png Graphic file (type png)

<use imagens//2007eu-nucleotideoDNA1.png>
Package pdftex.def Info: imagens//2007eu-nucleotideoDNA1.png used on input line
 30.
(pdftex.def)             Requested size: 760.27855pt x 481.31703pt.

<imagens//2005lodish-DNA-replicacao.pdf, id=399, 551.05875pt x 195.73125pt>
File: imagens//2005lodish-DNA-replicacao.pdf Graphic file (type pdf)

<use imagens//2005lodish-DNA-replicacao.pdf>
Package pdftex.def Info: imagens//2005lodish-DNA-replicacao.pdf used on input l
ine 42.
(pdftex.def)             Requested size: 551.05739pt x 195.73076pt.
 [5 <./imagens//2007eu-nucleotideoDNA1.png>]
<imagens//2007eu-nucleotideoRNA1.png, id=414, 763.1712pt x 482.7636pt>
File: imagens//2007eu-nucleotideoRNA1.png Graphic file (type png)

<use imagens//2007eu-nucleotideoRNA1.png>
Package pdftex.def Info: imagens//2007eu-nucleotideoRNA1.png used on input line
 59.
(pdftex.def)             Requested size: 763.16934pt x 482.7624pt.
 [6 <./imagens//2005lodish-DNA-replicacao.pdf> <./imagens//2007eu-nucleotideoRN
A1.png>]
<imagens//1994gutell-rRNA.jpg, id=446, 1017.8025pt x 1212.53pt>
File: imagens//1994gutell-rRNA.jpg Graphic file (type jpg)

<use imagens//1994gutell-rRNA.jpg>
Package pdftex.def Info: imagens//1994gutell-rRNA.jpg used on input line 73.
(pdftex.def)             Requested size: 1017.80003pt x 1212.52705pt.

Overfull \hbox (6.79837pt too wide) in paragraph at lines 73--74
 [][] 
 []

[7] [8 <./imagens//1994gutell-rRNA.jpg>]
<imagens//2005lodish-DNA-transcricao-traducaoProca.png, id=463, 416.757pt x 530
.7027pt>
File: imagens//2005lodish-DNA-transcricao-traducaoProca.png Graphic file (type 
png)
 <use imagens//2005lodish-DNA-transcricao-traducaoProca.png>
Package pdftex.def Info: imagens//2005lodish-DNA-transcricao-traducaoProca.png 
used on input line 92.
(pdftex.def)             Requested size: 416.75598pt x 530.70139pt.

<imagens//2005lodish-DNA-transcricao-traducao.pdf, id=470, 417.56pt x 530.98375
pt>
File: imagens//2005lodish-DNA-transcricao-traducao.pdf Graphic file (type pdf)
 <use imagens//2005lodish-DNA-transcricao-traducao.pdf>
Package pdftex.def Info: imagens//2005lodish-DNA-transcricao-traducao.pdf used 
on input line 100.
(pdftex.def)             Requested size: 417.55896pt x 530.98244pt.
 [9]
<imagens//1995voet-aa.pdf, id=484, 445.665pt x 512.91624pt>
File: imagens//1995voet-aa.pdf Graphic file (type pdf)

<use imagens//1995voet-aa.pdf>
Package pdftex.def Info: imagens//1995voet-aa.pdf used on input line 112.
(pdftex.def)             Requested size: 445.66391pt x 512.915pt.
 [10 <./imagens//2005lodish-DNA-transcricao-traducaoProca.png>] [11 <./imagens/
/2005lodish-DNA-transcricao-traducao.pdf>]
[12 <./imagens//1995voet-aa.pdf>]
<imagens//pipelineSange.png, id=543, 677.53125pt x 87.32625pt>
File: imagens//pipelineSange.png Graphic file (type png)

<use imagens//pipelineSange.png>
Package pdftex.def Info: imagens//pipelineSange.png used on input line 134.
(pdftex.def)             Requested size: 677.52959pt x 87.32603pt.
 [13 <./imagens//pipelineSange.png>] [14]
<imagens//pipeline454.png, id=576, 677.53125pt x 87.32625pt>
File: imagens//pipeline454.png Graphic file (type png)

<use imagens//pipeline454.png>
Package pdftex.def Info: imagens//pipeline454.png used on input line 183.
(pdftex.def)             Requested size: 677.52959pt x 87.32603pt.

<imagens//pipelineIllumina.png, id=578, 677.53125pt x 87.32625pt>
File: imagens//pipelineIllumina.png Graphic file (type png)

<use imagens//pipelineIllumina.png>
Package pdftex.def Info: imagens//pipelineIllumina.png used on input line 198.
(pdftex.def)             Requested size: 677.52959pt x 87.32603pt.
)
(./capitulos/capitulo3-ncRNA_Codificadores.tex [15 <./imagens//pipeline454.png>
 <./imagens//pipelineIllumina.png>]
Cap\'{\i }tulo 3.

Package hyperref Warning: Difference (2) between bookmark levels is greater 
(hyperref)                than one, level fixed on input line 7.

[16

]
LaTeX Font Info:    Calculating math sizes for size <9.60004> on input line 39.

 [17] [18] [19] [20] [21]
Overfull \hbox (4.66074pt too wide) in paragraph at lines 238--251
[][]
 []

[22]
Underfull \hbox (badness 10000) in paragraph at lines 291--292

 []

[23]
Underfull \hbox (badness 10000) in paragraph at lines 301--302

 []


Underfull \hbox (badness 10000) in paragraph at lines 309--310

 []


Underfull \hbox (badness 10000) in paragraph at lines 315--316

 []


Underfull \hbox (badness 10000) in paragraph at lines 328--329

 []

) (./capitulos/capitulo4-SMA.tex [24]
Cap\'{\i }tulo 4.

Package hyperref Warning: Difference (2) between bookmark levels is greater 
(hyperref)                than one, level fixed on input line 6.

<imagens//Agentes1sem.png, id=835, 408.3255pt x 280.6485pt>
File: imagens//Agentes1sem.png Graphic file (type png)

<use imagens//Agentes1sem.png>
Package pdftex.def Info: imagens//Agentes1sem.png used on input line 11.
(pdftex.def)             Requested size: 408.3245pt x 280.64781pt.

<imagens//multiAgent.png, id=840, 564.1075pt x 447.6725pt>
File: imagens//multiAgent.png Graphic file (type png)

<use imagens//multiAgent.png>
Package pdftex.def Info: imagens//multiAgent.png used on input line 22.
(pdftex.def)             Requested size: 564.10611pt x 447.6714pt.
 [25

 <./imagens//Agentes1sem.png>] [26 <./imagens//multiAgent.png>] [27] [28] [29] 
[30] [31] [32] [33] [34])
(./capitulos/capitulo5-Proposta_ncRNA_Agents.tex [35]
Cap\'{\i }tulo 5.

Package hyperref Warning: Difference (2) between bookmark levels is greater 
(hyperref)                than one, level fixed on input line 7.

[36

] <imagens//Arquitetura2sem1.png, id=972, 2232.84187pt x 1617.79407pt>
File: imagens//Arquitetura2sem1.png Graphic file (type png)

<use imagens//Arquitetura2sem1.png>
Package pdftex.def Info: imagens//Arquitetura2sem1.png used on input line 15.
(pdftex.def)             Requested size: 2232.83644pt x 1617.79013pt.


LaTeX Warning: Float too large for page by 34.02246pt on input line 18.

[37 <./imagens//Arquitetura2sem1.png>] [38


] [39]
<imagens//Interface.png, id=1004, 1435.61343pt x 786.68906pt>
File: imagens//Interface.png Graphic file (type png)

<use imagens//Interface.png>
Package pdftex.def Info: imagens//Interface.png used on input line 58.
(pdftex.def)             Requested size: 1435.60994pt x 786.68713pt.

Overfull \hbox (10.10425pt too wide) in paragraph at lines 58--59
 [][] 
 []

[40

 <./imagens//Interface.png>]
<imagens//RespostaInferanal.png, id=1009, 1371.1225pt x 770.88pt>
File: imagens//RespostaInferanal.png Graphic file (type png)

<use imagens//RespostaInferanal.png>
Package pdftex.def Info: imagens//RespostaInferanal.png used on input line 66.
(pdftex.def)             Requested size: 1371.11916pt x 770.87813pt.

Overfull \hbox (10.09853pt too wide) in paragraph at lines 66--67
 [][] 
 []

[41


 <./imagens//RespostaInferanal.png>]
<imagens//FinalExe.png, id=1014, 1028.34187pt x 578.16pt>
File: imagens//FinalExe.png Graphic file (type png)

<use imagens//FinalExe.png>
Package pdftex.def Info: imagens//FinalExe.png used on input line 74.
(pdftex.def)             Requested size: 1028.33937pt x 578.15858pt.

Overfull \hbox (10.09853pt too wide) in paragraph at lines 74--75
 [][] 
 []

[42


 <./imagens//FinalExe.png>]
<imagens//fig2.JPEG, id=1022, 943.525pt x 250.9375pt>
File: imagens//fig2.JPEG Graphic file (type jpg)
 <use imagens//fig2.JPEG>
Package pdftex.def Info: imagens//fig2.JPEG used on input line 92.
(pdftex.def)             Requested size: 943.52269pt x 250.93687pt.

<imagens//fig1.JPEG, id=1023, 959.585pt x 406.51875pt>
File: imagens//fig1.JPEG Graphic file (type jpg)

<use imagens//fig1.JPEG>
Package pdftex.def Info: imagens//fig1.JPEG used on input line 99.
(pdftex.def)             Requested size: 959.58266pt x 406.51775pt.
) (./capitulos/capitulo6-Resultados.tex [43

 <./imagens//fig2.JPEG> <./imagens//fig1.JPEG>]
Cap\'{\i }tulo 6.
<imagens//TelaConfig.png, id=1031, 1435.61343pt x 786.68906pt>
File: imagens//TelaConfig.png Graphic file (type png)

<use imagens//TelaConfig.png>
Package pdftex.def Info: imagens//TelaConfig.png used on input line 11.
(pdftex.def)             Requested size: 1435.60994pt x 786.68713pt.
File: imagens//RespostaInferanal.png Graphic file (type png)
 <use imagens//RespostaInferanal.png>
Package pdftex.def Info: imagens//RespostaInferanal.png used on input line 19.
(pdftex.def)             Requested size: 1371.11916pt x 770.87813pt.
File: imagens//FinalExe.png Graphic file (type png)

<use imagens//FinalExe.png>
Package pdftex.def Info: imagens//FinalExe.png used on input line 26.
(pdftex.def)             Requested size: 1028.33937pt x 578.15858pt.
 [44

 <./imagens//TelaConfig.png>]

Package hyperref Warning: Difference (2) between bookmark levels is greater 
(hyperref)                than one, level fixed on input line 32.

File: imagens//fig2.JPEG Graphic file (type jpg)
<use imagens//fig2.JPEG>
Package pdftex.def Info: imagens//fig2.JPEG used on input line 41.
(pdftex.def)             Requested size: 943.52269pt x 250.93687pt.
File: imagens//fig1.JPEG Graphic file (type jpg)
 <use imagens//fig1.JPEG>
Package pdftex.def Info: imagens//fig1.JPEG used on input line 48.
(pdftex.def)             Requested size: 959.58266pt x 406.51775pt.
)
(./capitulos/capitulo7-Conclusoes.tex [45] [46]
Cap\'{\i }tulo 7.
) [47

] (./TeseWosley2014.bbl (./TeseWosley2014.brf)
\tf@brf=\write7
\openout7 = `TeseWosley2014.brf'.

 [48


] [49] [50] [51]
[52] [53] [54])
Package atveryend Info: Empty hook `BeforeClearDocument' on input line 260.
 [55]
Package atveryend Info: Empty hook `AfterLastShipout' on input line 260.
 (./TeseWosley2014.aux)
Package atveryend Info: Executing hook `AtVeryEndDocument' on input line 260.
Package atveryend Info: Executing hook `AtEndAfterFileList' on input line 260.
Package rerunfilecheck Info: File `TeseWosley2014.out' has not changed.
(rerunfilecheck)             Checksum: 03CD643F0891278B6277EF52432BED51;2296.
Package rerunfilecheck Info: File `TeseWosley2014.brf' has not changed.
(rerunfilecheck)             Checksum: F0DC1CC9BF7BFD32A523E587159EC345;12182.


LaTeX Font Warning: Size substitutions with differences
(Font)              up to 0.74pt have occurred.


LaTeX Font Warning: Some font shapes were not available, defaults substituted.


LaTeX Warning: There were multiply-defined labels.

Package atveryend Info: Empty hook `AtVeryVeryEnd' on input line 260.
 )
(\end occurred when \iffalse on line 468 was incomplete) 
Here is how much of TeX's memory you used:
 9848 strings out of 493485
 144902 string characters out of 3143526
 274507 words of memory out of 3000000
 12613 multiletter control sequences out of 15000+200000
 22280 words of font info for 57 fonts, out of 3000000 for 9000
 957 hyphenation exceptions out of 8191
 43i,10n,69p,1485b,865s stack positions out of 5000i,500n,10000p,200000b,50000s
{/usr/share/texmf/fonts
/enc/dvips/cm-super/cm-super-t1.enc}</usr/share/texlive/texmf-dist/fonts/type1/
public/amsfonts/cm/cmsy10.pfb></usr/share/texmf/fonts/type1/public/cm-super/sfb
i1200.pfb></usr/share/texmf/fonts/type1/public/cm-super/sfbi1440.pfb></usr/shar
e/texmf/fonts/type1/public/cm-super/sfbx1000.pfb></usr/share/texmf/fonts/type1/
public/cm-super/sfbx1200.pfb></usr/share/texmf/fonts/type1/public/cm-super/sfbx
1440.pfb></usr/share/texmf/fonts/type1/public/cm-super/sfbx1728.pfb></usr/share
/texmf/fonts/type1/public/cm-super/sfbx2488.pfb></usr/share/texmf/fonts/type1/p
ublic/cm-super/sfrm0800.pfb></usr/share/texmf/fonts/type1/public/cm-super/sfrm1
000.pfb></usr/share/texmf/fonts/type1/public/cm-super/sfrm1200.pfb></usr/share/
texmf/fonts/type1/public/cm-super/sfrm1440.pfb></usr/share/texmf/fonts/type1/pu
blic/cm-super/sfrm2074.pfb></usr/share/texmf/fonts/type1/public/cm-super/sfsl12
00.pfb></usr/share/texmf/fonts/type1/public/cm-super/sfti1000.pfb></usr/share/t
exmf/fonts/type1/public/cm-super/sfti1200.pfb>
Output written on TeseWosley2014.pdf (66 pages, 2426055 bytes).
PDF statistics:
 1378 PDF objects out of 1440 (max. 8388607)
 1235 compressed objects within 13 object streams
 319 named destinations out of 1000 (max. 500000)
 362 words of extra memory for PDF output out of 10000 (max. 10000000)

